{"level":"info","message":"HELLO FROM VENUS","service":"acquisionts-api"}
{"level":"info","message":"::1 - - [22/Dec/2025:18:22:04 +0000] \"GET / HTTP/1.1\" 304 - \"-\" \"Mozilla/5.0 (Windows NT 10.0; Win64; x64) AppleWebKit/537.36 (KHTML, like Gecko) Chrome/143.0.0.0 Safari/537.36 Edg/143.0.0.0\"","service":"acquisionts-api"}
{"level":"info","message":"HELLO FROM VENUS","service":"acquisionts-api"}
{"level":"info","message":"::1 - - [22/Dec/2025:18:42:11 +0000] \"GET / HTTP/1.1\" 304 - \"-\" \"Mozilla/5.0 (Windows NT 10.0; Win64; x64) AppleWebKit/537.36 (KHTML, like Gecko) Chrome/143.0.0.0 Safari/537.36 Edg/143.0.0.0\"","service":"acquisionts-api"}
{"level":"info","message":"::1 - - [22/Dec/2025:18:42:17 +0000] \"GET /api HTTP/1.1\" 200 29 \"-\" \"Mozilla/5.0 (Windows NT 10.0; Win64; x64) AppleWebKit/537.36 (KHTML, like Gecko) Chrome/143.0.0.0 Safari/537.36 Edg/143.0.0.0\"","service":"acquisionts-api"}
{"level":"info","message":"::1 - - [22/Dec/2025:18:42:30 +0000] \"GET /health HTTP/1.1\" 200 74 \"-\" \"Mozilla/5.0 (Windows NT 10.0; Win64; x64) AppleWebKit/537.36 (KHTML, like Gecko) Chrome/143.0.0.0 Safari/537.36 Edg/143.0.0.0\"","service":"acquisionts-api"}
{"level":"info","message":"HELLO FROM VENUS","service":"acquisionts-api"}
{"level":"info","message":"::1 - - [22/Dec/2025:19:06:12 +0000] \"GET / HTTP/1.1\" 200 16 \"-\" \"HTTPie\"","service":"acquisionts-api"}
{"level":"info","message":"::1 - - [22/Dec/2025:19:06:26 +0000] \"GET /api HTTP/1.1\" 200 29 \"-\" \"HTTPie\"","service":"acquisionts-api"}
{"level":"info","message":"::1 - - [22/Dec/2025:19:06:34 +0000] \"GET /health HTTP/1.1\" 200 76 \"-\" \"HTTPie\"","service":"acquisionts-api"}
{"level":"info","message":"::1 - - [22/Dec/2025:19:06:57 +0000] \"POST /api/auth/sign-in HTTP/1.1\" 200 31 \"-\" \"HTTPie\"","service":"acquisionts-api"}
{"level":"info","message":"::1 - - [23/Dec/2025:01:49:43 +0000] \"POST /api/auth/sign-up HTTP/1.1\" 200 30 \"-\" \"HTTPie\"","service":"acquisionts-api"}
{"level":"error","message":"Signup error sigmaSchema is not defined","service":"acquisionts-api","stack":"ReferenceError: sigmaSchema is not defined\n    at signup (file:///C:/Users/labib/Desktop/acquisitions/src/controllers/auth.controller.js:6:30)\n    at Layer.handleRequest (C:\\Users\\labib\\Desktop\\acquisitions\\node_modules\\router\\lib\\layer.js:152:17)\n    at next (C:\\Users\\labib\\Desktop\\acquisitions\\node_modules\\router\\lib\\route.js:157:13)\n    at Route.dispatch (C:\\Users\\labib\\Desktop\\acquisitions\\node_modules\\router\\lib\\route.js:117:3)\n    at handle (C:\\Users\\labib\\Desktop\\acquisitions\\node_modules\\router\\index.js:435:11)\n    at Layer.handleRequest (C:\\Users\\labib\\Desktop\\acquisitions\\node_modules\\router\\lib\\layer.js:152:17)\n    at C:\\Users\\labib\\Desktop\\acquisitions\\node_modules\\router\\index.js:295:15\n    at processParams (C:\\Users\\labib\\Desktop\\acquisitions\\node_modules\\router\\index.js:582:12)\n    at next (C:\\Users\\labib\\Desktop\\acquisitions\\node_modules\\router\\index.js:291:5)\n    at Function.handle (C:\\Users\\labib\\Desktop\\acquisitions\\node_modules\\router\\index.js:186:3)"}
{"level":"info","message":"::1 - - [23/Dec/2025:01:50:40 +0000] \"POST /api/auth/sign-up HTTP/1.1\" 500 1241 \"-\" \"HTTPie\"","service":"acquisionts-api"}
{"level":"info","message":"::1 - - [23/Dec/2025:01:56:26 +0000] \"POST /api/auth/sign-up HTTP/1.1\" 400 92 \"-\" \"HTTPie\"","service":"acquisionts-api"}
{"level":"info","message":"::1 - - [23/Dec/2025:01:58:13 +0000] \"POST /api/auth/sign-up HTTP/1.1\" 400 143 \"-\" \"HTTPie\"","service":"acquisionts-api"}
{"level":"info","message":"::1 - - [23/Dec/2025:01:58:43 +0000] \"POST /api/auth/sign-up HTTP/1.1\" 400 91 \"-\" \"HTTPie\"","service":"acquisionts-api"}
{"level":"info","message":"User Registered successfully: contact@pakistan.com","service":"acquisionts-api"}
{"level":"info","message":"::1 - - [23/Dec/2025:01:58:51 +0000] \"POST /api/auth/sign-up HTTP/1.1\" 201 108 \"-\" \"HTTPie\"","service":"acquisionts-api"}
{"level":"info","message":"::1 - - [23/Dec/2025:13:48:22 +0000] \"POST /api/auth/sign-up HTTP/1.1\" 400 92 \"-\" \"HTTPie\"","service":"acquisionts-api"}
{"level":"info","message":"::1 - - [23/Dec/2025:13:49:49 +0000] \"POST /api/auth/sign-up HTTP/1.1\" 400 92 \"-\" \"HTTPie\"","service":"acquisionts-api"}
{"level":"error","message":"Error creatin the user: TypeError: db.select(...).form is not a function","service":"acquisionts-api"}
{"level":"error","message":"Signup error db.select(...).form is not a function","service":"acquisionts-api","stack":"TypeError: db.select(...).form is not a function\n    at createUser (file:///C:/Users/labib/Desktop/acquisitions/src/services/auth.service.js:20:8)\n    at signup (file:///C:/Users/labib/Desktop/acquisitions/src/controllers/auth.controller.js:23:24)\n    at Layer.handleRequest (C:\\Users\\labib\\Desktop\\acquisitions\\node_modules\\router\\lib\\layer.js:152:17)\n    at next (C:\\Users\\labib\\Desktop\\acquisitions\\node_modules\\router\\lib\\route.js:157:13)\n    at Route.dispatch (C:\\Users\\labib\\Desktop\\acquisitions\\node_modules\\router\\lib\\route.js:117:3)\n    at handle (C:\\Users\\labib\\Desktop\\acquisitions\\node_modules\\router\\index.js:435:11)\n    at Layer.handleRequest (C:\\Users\\labib\\Desktop\\acquisitions\\node_modules\\router\\lib\\layer.js:152:17)\n    at C:\\Users\\labib\\Desktop\\acquisitions\\node_modules\\router\\index.js:295:15\n    at processParams (C:\\Users\\labib\\Desktop\\acquisitions\\node_modules\\router\\index.js:582:12)\n    at next (C:\\Users\\labib\\Desktop\\acquisitions\\node_modules\\router\\index.js:291:5)"}
{"level":"info","message":"::1 - - [23/Dec/2025:14:12:30 +0000] \"POST /api/auth/sign-up HTTP/1.1\" 500 1250 \"-\" \"HTTPie\"","service":"acquisionts-api"}
{"level":"error","message":"Error creatin the user: TypeError: db.select(...).form is not a function","service":"acquisionts-api"}
{"level":"error","message":"Signup error db.select(...).form is not a function","service":"acquisionts-api","stack":"TypeError: db.select(...).form is not a function\n    at createUser (file:///C:/Users/labib/Desktop/acquisitions/src/services/auth.service.js:20:8)\n    at signup (file:///C:/Users/labib/Desktop/acquisitions/src/controllers/auth.controller.js:23:24)\n    at Layer.handleRequest (C:\\Users\\labib\\Desktop\\acquisitions\\node_modules\\router\\lib\\layer.js:152:17)\n    at next (C:\\Users\\labib\\Desktop\\acquisitions\\node_modules\\router\\lib\\route.js:157:13)\n    at Route.dispatch (C:\\Users\\labib\\Desktop\\acquisitions\\node_modules\\router\\lib\\route.js:117:3)\n    at handle (C:\\Users\\labib\\Desktop\\acquisitions\\node_modules\\router\\index.js:435:11)\n    at Layer.handleRequest (C:\\Users\\labib\\Desktop\\acquisitions\\node_modules\\router\\lib\\layer.js:152:17)\n    at C:\\Users\\labib\\Desktop\\acquisitions\\node_modules\\router\\index.js:295:15\n    at processParams (C:\\Users\\labib\\Desktop\\acquisitions\\node_modules\\router\\index.js:582:12)\n    at next (C:\\Users\\labib\\Desktop\\acquisitions\\node_modules\\router\\index.js:291:5)"}
{"level":"info","message":"::1 - - [23/Dec/2025:14:12:49 +0000] \"POST /api/auth/sign-up HTTP/1.1\" 500 1250 \"-\" \"HTTPie\"","service":"acquisionts-api"}
{"level":"error","message":"Error creatin the user: Error: Failed query: insert into \"users\" (\"id\", \"name\", \"email\", \"password\", \"role\", \"created_at\", \"updated_at\") values (default, $1, $2, default, $3, default, default) returning \"id\", \"name\", \"email\", \"role\", \"created_at\"\nparams: Admin,admin@pakistan.com,admin","service":"acquisionts-api"}
{"cause":{"code":"23502","column":"password","detail":"Failing row contains (1, Admin, admin@pakistan.com, null, admin, 2025-12-23 14:15:49.333168, 2025-12-23 14:15:49.333168).","file":"execMain.c","line":"2032","name":"NeonDbError","routine":"ExecConstraints","schema":"public","severity":"ERROR","table":"users"},"level":"error","message":"Signup error Failed query: insert into \"users\" (\"id\", \"name\", \"email\", \"password\", \"role\", \"created_at\", \"updated_at\") values (default, $1, $2, default, $3, default, default) returning \"id\", \"name\", \"email\", \"role\", \"created_at\"\nparams: Admin,admin@pakistan.com,admin","params":["Admin","admin@pakistan.com","admin"],"query":"insert into \"users\" (\"id\", \"name\", \"email\", \"password\", \"role\", \"created_at\", \"updated_at\") values (default, $1, $2, default, $3, default, default) returning \"id\", \"name\", \"email\", \"role\", \"created_at\"","service":"acquisionts-api","stack":"Error: Failed query: insert into \"users\" (\"id\", \"name\", \"email\", \"password\", \"role\", \"created_at\", \"updated_at\") values (default, $1, $2, default, $3, default, default) returning \"id\", \"name\", \"email\", \"role\", \"created_at\"\nparams: Admin,admin@pakistan.com,admin\n    at NeonHttpPreparedQuery.queryWithCache (file:///C:/Users/labib/Desktop/acquisitions/node_modules/drizzle-orm/pg-core/session.js:41:15)\n    at process.processTicksAndRejections (node:internal/process/task_queues:95:5)\n    at async NeonHttpPreparedQuery.execute (file:///C:/Users/labib/Desktop/acquisitions/node_modules/drizzle-orm/neon-http/session.js:45:20)\n    at async createUser (file:///C:/Users/labib/Desktop/acquisitions/src/services/auth.service.js:28:23)\n    at async signup (file:///C:/Users/labib/Desktop/acquisitions/src/controllers/auth.controller.js:23:18)"}
{"level":"info","message":"::1 - - [23/Dec/2025:14:15:49 +0000] \"POST /api/auth/sign-up HTTP/1.1\" 500 1161 \"-\" \"HTTPie\"","service":"acquisionts-api"}
{"level":"error","message":"Error creatin the user: Error: Failed query: insert into \"users\" (\"id\", \"name\", \"email\", \"password\", \"role\", \"created_at\", \"updated_at\") values (default, $1, $2, default, $3, default, default) returning \"id\", \"name\", \"email\", \"role\", \"created_at\"\nparams: Admin,admin@pakistan.com,admin","service":"acquisionts-api"}
{"cause":{"code":"23502","column":"password","detail":"Failing row contains (2, Admin, admin@pakistan.com, null, admin, 2025-12-23 14:21:33.697801, 2025-12-23 14:21:33.697801).","file":"execMain.c","line":"2032","name":"NeonDbError","routine":"ExecConstraints","schema":"public","severity":"ERROR","table":"users"},"level":"error","message":"Signup error Failed query: insert into \"users\" (\"id\", \"name\", \"email\", \"password\", \"role\", \"created_at\", \"updated_at\") values (default, $1, $2, default, $3, default, default) returning \"id\", \"name\", \"email\", \"role\", \"created_at\"\nparams: Admin,admin@pakistan.com,admin","params":["Admin","admin@pakistan.com","admin"],"query":"insert into \"users\" (\"id\", \"name\", \"email\", \"password\", \"role\", \"created_at\", \"updated_at\") values (default, $1, $2, default, $3, default, default) returning \"id\", \"name\", \"email\", \"role\", \"created_at\"","service":"acquisionts-api","stack":"Error: Failed query: insert into \"users\" (\"id\", \"name\", \"email\", \"password\", \"role\", \"created_at\", \"updated_at\") values (default, $1, $2, default, $3, default, default) returning \"id\", \"name\", \"email\", \"role\", \"created_at\"\nparams: Admin,admin@pakistan.com,admin\n    at NeonHttpPreparedQuery.queryWithCache (file:///C:/Users/labib/Desktop/acquisitions/node_modules/drizzle-orm/pg-core/session.js:41:15)\n    at process.processTicksAndRejections (node:internal/process/task_queues:95:5)\n    at async NeonHttpPreparedQuery.execute (file:///C:/Users/labib/Desktop/acquisitions/node_modules/drizzle-orm/neon-http/session.js:45:20)\n    at async createUser (file:///C:/Users/labib/Desktop/acquisitions/src/services/auth.service.js:28:23)\n    at async signup (file:///C:/Users/labib/Desktop/acquisitions/src/controllers/auth.controller.js:23:18)"}
{"level":"info","message":"::1 - - [23/Dec/2025:14:21:33 +0000] \"POST /api/auth/sign-up HTTP/1.1\" 500 1161 \"-\" \"HTTPie\"","service":"acquisionts-api"}
{"level":"error","message":"Error creatin the user: ReferenceError: passwordHash is not defined","service":"acquisionts-api"}
{"level":"error","message":"Signup error passwordHash is not defined","service":"acquisionts-api","stack":"ReferenceError: passwordHash is not defined\n    at createUser (file:///C:/Users/labib/Desktop/acquisitions/src/services/auth.service.js:30:40)\n    at async signup (file:///C:/Users/labib/Desktop/acquisitions/src/controllers/auth.controller.js:23:18)"}
{"level":"info","message":"::1 - - [23/Dec/2025:14:24:00 +0000] \"POST /api/auth/sign-up HTTP/1.1\" 500 402 \"-\" \"HTTPie\"","service":"acquisionts-api"}
{"level":"error","message":"Error creatin the user: ReferenceError: passwordHash is not defined","service":"acquisionts-api"}
{"level":"error","message":"Signup error passwordHash is not defined","service":"acquisionts-api","stack":"ReferenceError: passwordHash is not defined\n    at createUser (file:///C:/Users/labib/Desktop/acquisitions/src/services/auth.service.js:30:40)\n    at async signup (file:///C:/Users/labib/Desktop/acquisitions/src/controllers/auth.controller.js:23:18)"}
{"level":"info","message":"::1 - - [23/Dec/2025:14:25:54 +0000] \"POST /api/auth/sign-up HTTP/1.1\" 500 402 \"-\" \"HTTPie\"","service":"acquisionts-api"}
{"level":"info","message":"User admin@pakistan.com created successfully","service":"acquisionts-api"}
{"level":"error","message":"Signup error error is not defined","service":"acquisionts-api","stack":"ReferenceError: error is not defined\n    at Object.sign (file:///C:/Users/labib/Desktop/acquisitions/src/utils/jwt.js:12:51)\n    at signup (file:///C:/Users/labib/Desktop/acquisitions/src/controllers/auth.controller.js:25:28)\n    at process.processTicksAndRejections (node:internal/process/task_queues:95:5)"}
{"level":"info","message":"::1 - - [23/Dec/2025:14:26:42 +0000] \"POST /api/auth/sign-up HTTP/1.1\" 500 473 \"-\" \"HTTPie\"","service":"acquisionts-api"}
{"level":"error","message":"Error creatin the user: Error: User already exists","service":"acquisionts-api"}
{"level":"error","message":"Signup error User already exists","service":"acquisionts-api","stack":"Error: User already exists\n    at createUser (file:///C:/Users/labib/Desktop/acquisitions/src/services/auth.service.js:24:40)\n    at process.processTicksAndRejections (node:internal/process/task_queues:95:5)\n    at async signup (file:///C:/Users/labib/Desktop/acquisitions/src/controllers/auth.controller.js:23:18)"}
{"level":"info","message":"::1 - - [23/Dec/2025:14:27:35 +0000] \"POST /api/auth/sign-up HTTP/1.1\" 500 480 \"-\" \"HTTPie\"","service":"acquisionts-api"}
{"level":"info","message":"User adminn@pakistan.com created successfully","service":"acquisionts-api"}
{"level":"error","message":"Failed to authenticat token JWT_EXPIRES_IN is not defined","service":"acquisionts-api","stack":"ReferenceError: JWT_EXPIRES_IN is not defined\n    at Object.sign (file:///C:/Users/labib/Desktop/acquisitions/src/utils/jwt.js:10:57)\n    at signup (file:///C:/Users/labib/Desktop/acquisitions/src/controllers/auth.controller.js:25:28)\n    at process.processTicksAndRejections (node:internal/process/task_queues:95:5)"}
{"level":"error","message":"Signup error Failed to authenticate token","service":"acquisionts-api","stack":"Error: Failed to authenticate token\n    at Object.sign (file:///C:/Users/labib/Desktop/acquisitions/src/utils/jwt.js:13:13)\n    at signup (file:///C:/Users/labib/Desktop/acquisitions/src/controllers/auth.controller.js:25:28)\n    at process.processTicksAndRejections (node:internal/process/task_queues:95:5)"}
{"level":"info","message":"::1 - - [23/Dec/2025:14:28:24 +0000] \"POST /api/auth/sign-up HTTP/1.1\" 500 472 \"-\" \"HTTPie\"","service":"acquisionts-api"}
{"level":"error","message":"Error creatin the user: Error: User already exists","service":"acquisionts-api"}
{"level":"error","message":"Signup error User already exists","service":"acquisionts-api","stack":"Error: User already exists\n    at createUser (file:///C:/Users/labib/Desktop/acquisitions/src/services/auth.service.js:24:40)\n    at process.processTicksAndRejections (node:internal/process/task_queues:95:5)\n    at async signup (file:///C:/Users/labib/Desktop/acquisitions/src/controllers/auth.controller.js:23:18)"}
{"level":"info","message":"::1 - - [23/Dec/2025:14:29:36 +0000] \"POST /api/auth/sign-up HTTP/1.1\" 500 480 \"-\" \"HTTPie\"","service":"acquisionts-api"}
{"level":"info","message":"User admipppn@pakistan.com created successfully","service":"acquisionts-api"}
{"level":"info","message":"User Registered successfully: admipppn@pakistan.com","service":"acquisionts-api"}
{"level":"info","message":"::1 - - [23/Dec/2025:14:29:48 +0000] \"POST /api/auth/sign-up HTTP/1.1\" 201 111 \"-\" \"HTTPie\"","service":"acquisionts-api"}
{"level":"error","message":"Error creatin the user: Error: User already exists","service":"acquisionts-api"}
{"level":"error","message":"Signup error User already exists","service":"acquisionts-api","stack":"Error: User already exists\n    at createUser (file:///C:/Users/labib/Desktop/acquisitions/src/services/auth.service.js:24:40)\n    at process.processTicksAndRejections (node:internal/process/task_queues:95:5)\n    at async signup (file:///C:/Users/labib/Desktop/acquisitions/src/controllers/auth.controller.js:23:18)"}
{"level":"info","message":"::1 - - [23/Dec/2025:14:30:11 +0000] \"POST /api/auth/sign-up HTTP/1.1\" 500 480 \"-\" \"HTTPie\"","service":"acquisionts-api"}
{"level":"info","message":"User admippn@pakistan.com created successfully","service":"acquisionts-api"}
{"level":"info","message":"User Registered successfully: admippn@pakistan.com","service":"acquisionts-api"}
{"level":"info","message":"::1 - - [23/Dec/2025:14:30:17 +0000] \"POST /api/auth/sign-up HTTP/1.1\" 201 109 \"-\" \"HTTPie\"","service":"acquisionts-api"}
{"level":"info","message":"::1 - - [23/Dec/2025:14:51:32 +0000] \"POST /api/auth/signin HTTP/1.1\" 404 155 \"-\" \"HTTPie\"","service":"acquisionts-api"}
{"level":"info","message":"::1 - - [23/Dec/2025:14:51:41 +0000] \"POST /api/auth/signin HTTP/1.1\" 404 155 \"-\" \"HTTPie\"","service":"acquisionts-api"}
{"level":"info","message":"::1 - - [23/Dec/2025:14:52:22 +0000] \"POST /api/auth/sign-up HTTP/1.1\" 400 92 \"-\" \"HTTPie\"","service":"acquisionts-api"}
{"level":"info","message":"User bro@gmail.com created successfully","service":"acquisionts-api"}
{"level":"info","message":"User Registered successfully: bro@gmail.com","service":"acquisionts-api"}
{"level":"info","message":"::1 - - [23/Dec/2025:14:54:49 +0000] \"POST /api/auth/sign-up HTTP/1.1\" 201 100 \"-\" \"HTTPie\"","service":"acquisionts-api"}
{"level":"info","message":"User bro@gmail.com authenticated successfully","service":"acquisionts-api"}
{"level":"info","message":"User signed in successfully: bro@gmail.com","service":"acquisionts-api"}
{"level":"info","message":"::1 - - [23/Dec/2025:14:55:04 +0000] \"POST /api/auth/sign-in HTTP/1.1\" 200 99 \"-\" \"HTTPie\"","service":"acquisionts-api"}
{"level":"info","message":"User bro@gmail.com authenticated successfully","service":"acquisionts-api"}
{"level":"info","message":"User signed in successfully: bro@gmail.com","service":"acquisionts-api"}
{"level":"info","message":"::1 - - [23/Dec/2025:14:55:37 +0000] \"POST /api/auth/sign-in HTTP/1.1\" 200 99 \"-\" \"HTTPie\"","service":"acquisionts-api"}
{"level":"info","message":"User signed out successfully","service":"acquisionts-api"}
{"level":"info","message":"::1 - - [23/Dec/2025:14:56:02 +0000] \"POST /api/auth/sign-out HTTP/1.1\" 200 29 \"-\" \"HTTPie\"","service":"acquisionts-api"}
